<?xml version="1.0" encoding="UTF-8"?>
<testsuites>
  <testsuite name="aaa" timestamp="2024-07-11T14:34:34Z" hostname="24388650df34" tests="118" skipped="0" failures="0" errors="0" time="19.335">
    <testcase time="0.0589999999999999" classname="aaa" name="Test_suite_aaa.R"/>
    <testcase time="0.024" classname="aaa" name="Test_suite_aaa.R"/>
    <testcase time="0.018" classname="aaa" name="Test_suite_aaa.R"/>
    <testcase time="0.00499999999999989" classname="aaa" name="Test_suite_aaa.R"/>
    <testcase time="0.00600000000000001" classname="aaa" name="Test_suite_aaa.R"/>
    <testcase time="0.00500000000000012" classname="aaa" name="Test_suite_aaa.R"/>
    <testcase time="0.00499999999999989" classname="aaa" name="Test_suite_aaa.R"/>
    <testcase time="0.00900000000000012" classname="aaa" name="Test_suite_aaa.R"/>
    <testcase time="0.00800000000000001" classname="aaa" name="Test_suite_aaa.R"/>
    <testcase time="0.00600000000000001" classname="aaa" name="Test_suite_aaa.R"/>
    <testcase time="0.0089999999999999" classname="aaa" name="Test_suite_aaa.R"/>
    <testcase time="0.01" classname="aaa" name="Test_suite_aaa.R"/>
    <testcase time="0.01" classname="aaa" name="Test_suite_aaa.R"/>
    <testcase time="0.004" classname="aaa" name="Test_suite_aaa.R"/>
    <testcase time="0.322" classname="aaa" name="Test_suite_aaa.R"/>
    <testcase time="0.004" classname="aaa" name="Test_suite_aaa.R"/>
    <testcase time="0.004" classname="aaa" name="Test_suite_aaa.R"/>
    <testcase time="0.316" classname="aaa" name="Test_suite_aaa.R"/>
    <testcase time="1.935" classname="aaa" name="Test_suite_aaa.R"/>
    <testcase time="0.00499999999999989" classname="aaa" name="Test_suite_aaa.R"/>
    <testcase time="0.00500000000000078" classname="aaa" name="Test_suite_aaa.R"/>
    <testcase time="0.00399999999999956" classname="aaa" name="Test_suite_aaa.R"/>
    <testcase time="0.00400000000000045" classname="aaa" name="Test_suite_aaa.R"/>
    <testcase time="0.00399999999999956" classname="aaa" name="Test_suite_aaa.R"/>
    <testcase time="0.00400000000000045" classname="aaa" name="Test_suite_aaa.R"/>
    <testcase time="0.00699999999999967" classname="aaa" name="Test_suite_aaa.R"/>
    <testcase time="0.0119999999999996" classname="aaa" name="Test_suite_aaa.R"/>
    <testcase time="0.0110000000000001" classname="aaa" name="Test_suite_aaa.R"/>
    <testcase time="2.109" classname="aaa" name="Test_suite_aaa.R"/>
    <testcase time="0.647" classname="aaa" name="Test_suite_aaa.R"/>
    <testcase time="0.63" classname="aaa" name="Test_suite_aaa.R"/>
    <testcase time="0.0289999999999999" classname="aaa" name="Test_suite_aaa.R"/>
    <testcase time="0.00800000000000001" classname="aaa" name="Test_suite_aaa.R"/>
    <testcase time="0.00400000000000045" classname="aaa" name="Test_suite_aaa.R"/>
    <testcase time="0.00499999999999989" classname="aaa" name="Test_suite_aaa.R"/>
    <testcase time="0.00600000000000023" classname="aaa" name="Test_suite_aaa.R"/>
    <testcase time="0.00499999999999989" classname="aaa" name="Test_suite_aaa.R"/>
    <testcase time="0.00600000000000023" classname="aaa" name="Test_suite_aaa.R"/>
    <testcase time="0.00800000000000001" classname="aaa" name="Test_suite_aaa.R"/>
    <testcase time="0.0109999999999992" classname="aaa" name="Test_suite_aaa.R"/>
    <testcase time="0.00600000000000023" classname="aaa" name="Test_suite_aaa.R"/>
    <testcase time="0.00999999999999979" classname="aaa" name="Test_suite_aaa.R"/>
    <testcase time="0.00900000000000034" classname="aaa" name="Test_suite_aaa.R"/>
    <testcase time="0.0110000000000001" classname="aaa" name="Test_suite_aaa.R"/>
    <testcase time="0.00399999999999956" classname="aaa" name="Test_suite_aaa.R"/>
    <testcase time="0.313000000000001" classname="aaa" name="Test_suite_aaa.R"/>
    <testcase time="0.00399999999999956" classname="aaa" name="Test_suite_aaa.R"/>
    <testcase time="0.00400000000000045" classname="aaa" name="Test_suite_aaa.R"/>
    <testcase time="0.317" classname="aaa" name="Test_suite_aaa.R"/>
    <testcase time="2.02" classname="aaa" name="Test_suite_aaa.R"/>
    <testcase time="0.00500000000000078" classname="aaa" name="Test_suite_aaa.R"/>
    <testcase time="0.00300000000000011" classname="aaa" name="Test_suite_aaa.R"/>
    <testcase time="0.00399999999999956" classname="aaa" name="Test_suite_aaa.R"/>
    <testcase time="0.00399999999999956" classname="aaa" name="Test_suite_aaa.R"/>
    <testcase time="0.00399999999999956" classname="aaa" name="Test_suite_aaa.R"/>
    <testcase time="0.00399999999999956" classname="aaa" name="Test_suite_aaa.R"/>
    <testcase time="0.00700000000000145" classname="aaa" name="Test_suite_aaa.R"/>
    <testcase time="0.0119999999999987" classname="aaa" name="Test_suite_aaa.R"/>
    <testcase time="0.0190000000000001" classname="aaa" name="Test_suite_aaa.R"/>
    <testcase time="1.396" classname="aaa" name="Test_suite_aaa.R"/>
    <testcase time="0.595000000000001" classname="aaa" name="Test_suite_aaa.R"/>
    <testcase time="0.581" classname="aaa" name="Test_suite_aaa.R"/>
    <testcase time="0.00499999999999901" classname="aaa" name="Test_suite_aaa.R"/>
    <testcase time="0.0080000000000009" classname="aaa" name="Test_suite_aaa.R"/>
    <testcase time="0.00499999999999901" classname="aaa" name="Test_suite_aaa.R"/>
    <testcase time="0.00500000000000078" classname="aaa" name="Test_suite_aaa.R"/>
    <testcase time="0.00500000000000078" classname="aaa" name="Test_suite_aaa.R"/>
    <testcase time="0.00599999999999845" classname="aaa" name="Test_suite_aaa.R"/>
    <testcase time="0.00500000000000078" classname="aaa" name="Test_suite_aaa.R"/>
    <testcase time="0.0080000000000009" classname="aaa" name="Test_suite_aaa.R"/>
    <testcase time="0.00799999999999912" classname="aaa" name="Test_suite_aaa.R"/>
    <testcase time="0.00600000000000023" classname="aaa" name="Test_suite_aaa.R"/>
    <testcase time="0.00999999999999979" classname="aaa" name="Test_suite_aaa.R"/>
    <testcase time="0.00999999999999979" classname="aaa" name="Test_suite_aaa.R"/>
    <testcase time="0.00999999999999979" classname="aaa" name="Test_suite_aaa.R"/>
    <testcase time="0.00399999999999956" classname="aaa" name="Test_suite_aaa.R"/>
    <testcase time="0.314" classname="aaa" name="Test_suite_aaa.R"/>
    <testcase time="0.00300000000000011" classname="aaa" name="Test_suite_aaa.R"/>
    <testcase time="0.00500000000000078" classname="aaa" name="Test_suite_aaa.R"/>
    <testcase time="0.315" classname="aaa" name="Test_suite_aaa.R"/>
    <testcase time="3.109" classname="aaa" name="Test_suite_aaa.R"/>
    <testcase time="0.00499999999999901" classname="aaa" name="Test_suite_aaa.R"/>
    <testcase time="0.00300000000000011" classname="aaa" name="Test_suite_aaa.R"/>
    <testcase time="0.00300000000000011" classname="aaa" name="Test_suite_aaa.R"/>
    <testcase time="0.00399999999999778" classname="aaa" name="Test_suite_aaa.R"/>
    <testcase time="0.00400000000000134" classname="aaa" name="Test_suite_aaa.R"/>
    <testcase time="0.00399999999999778" classname="aaa" name="Test_suite_aaa.R"/>
    <testcase time="0.00800000000000267" classname="aaa" name="Test_suite_aaa.R"/>
    <testcase time="0.0109999999999992" classname="aaa" name="Test_suite_aaa.R"/>
    <testcase time="0.0109999999999992" classname="aaa" name="Test_suite_aaa.R"/>
    <testcase time="1.706" classname="aaa" name="Test_suite_aaa.R"/>
    <testcase time="0.622" classname="aaa" name="Test_suite_aaa.R"/>
    <testcase time="0.606000000000002" classname="aaa" name="Test_suite_aaa.R"/>
    <testcase time="0.00499999999999901" classname="aaa" name="Test_suite_aaa.R"/>
    <testcase time="0.00799999999999912" classname="aaa" name="Test_suite_aaa.R"/>
    <testcase time="0.00400000000000134" classname="aaa" name="Test_suite_aaa.R"/>
    <testcase time="0.00499999999999901" classname="aaa" name="Test_suite_aaa.R"/>
    <testcase time="0.00499999999999901" classname="aaa" name="Test_suite_aaa.R"/>
    <testcase time="0.00499999999999901" classname="aaa" name="Test_suite_aaa.R"/>
    <testcase time="0.00600000000000023" classname="aaa" name="Test_suite_aaa.R"/>
    <testcase time="0.00799999999999912" classname="aaa" name="Test_suite_aaa.R"/>
    <testcase time="0.00800000000000267" classname="aaa" name="Test_suite_aaa.R"/>
    <testcase time="0.00599999999999667" classname="aaa" name="Test_suite_aaa.R"/>
    <testcase time="0.0100000000000016" classname="aaa" name="Test_suite_aaa.R"/>
    <testcase time="0.00900000000000034" classname="aaa" name="Test_suite_aaa.R"/>
    <testcase time="0.00999999999999801" classname="aaa" name="Test_suite_aaa.R"/>
    <testcase time="0.00500000000000256" classname="aaa" name="Test_suite_aaa.R"/>
    <testcase time="0.126999999999999" classname="aaa" name="Test_suite_aaa.R"/>
    <testcase time="0.00400000000000134" classname="aaa" name="Test_suite_aaa.R"/>
    <testcase time="0.00399999999999778" classname="aaa" name="Test_suite_aaa.R"/>
    <testcase time="0.125" classname="aaa" name="Test_suite_aaa.R"/>
    <testcase time="0.515000000000001" classname="aaa" name="Test_suite_aaa.R"/>
    <testcase time="0.00400000000000134" classname="aaa" name="Test_suite_aaa.R"/>
    <testcase time="0.00399999999999778" classname="aaa" name="Test_suite_aaa.R"/>
    <testcase time="0.00400000000000134" classname="aaa" name="Test_suite_aaa.R"/>
    <testcase time="0.00400000000000134" classname="aaa" name="Test_suite_aaa.R"/>
    <testcase time="0.00399999999999778" classname="aaa" name="Test_suite_aaa.R"/>
    <testcase time="0.00300000000000011" classname="aaa" name="Test_suite_aaa.R"/>
  </testsuite>
  <testsuite name="aab" timestamp="2024-07-11T14:34:53Z" hostname="24388650df34" tests="36" skipped="0" failures="0" errors="0" time="6.796">
    <testcase time="0.0139999999999993" classname="aab" name="Test_suite_aaa.R"/>
    <testcase time="0.00400000000000134" classname="aab" name="Test_suite_aaa.R"/>
    <testcase time="0.00400000000000134" classname="aab" name="Test_suite_aaa.R"/>
    <testcase time="0.00300000000000011" classname="aab" name="Test_suite_aaa.R"/>
    <testcase time="0.00399999999999778" classname="aab" name="Test_suite_aaa.R"/>
    <testcase time="0.00200000000000244" classname="aab" name="Test_suite_aaa.R"/>
    <testcase time="0.00199999999999889" classname="aab" name="Test_suite_aaa.R"/>
    <testcase time="0.00100000000000122" classname="aab" name="Test_suite_aaa.R"/>
    <testcase time="0.0529999999999973" classname="aab" name="Test_suite_aaa.R"/>
    <testcase time="0.00500000000000256" classname="aab" name="Test_suite_aaa.R"/>
    <testcase time="0.00799999999999912" classname="aab" name="Test_suite_aaa.R"/>
    <testcase time="0.00799999999999912" classname="aab" name="Test_suite_aaa.R"/>
    <testcase time="0.00300000000000011" classname="aab" name="Test_suite_aaa.R"/>
    <testcase time="0.00400000000000134" classname="aab" name="Test_suite_aaa.R"/>
    <testcase time="0.00499999999999901" classname="aab" name="Test_suite_aaa.R"/>
    <testcase time="0.00300000000000011" classname="aab" name="Test_suite_aaa.R"/>
    <testcase time="0.00400000000000134" classname="aab" name="Test_suite_aaa.R"/>
    <testcase time="0.00499999999999901" classname="aab" name="Test_suite_aaa.R"/>
    <testcase time="0.00199999999999889" classname="aab" name="Test_suite_aaa.R"/>
    <testcase time="0.00300000000000011" classname="aab" name="Test_suite_aaa.R"/>
    <testcase time="0.00199999999999889" classname="aab" name="Test_suite_aaa.R"/>
    <testcase time="0.00300000000000011" classname="aab" name="Test_suite_aaa.R"/>
    <testcase time="0.00400000000000134" classname="aab" name="Test_suite_aaa.R"/>
    <testcase time="0.00499999999999901" classname="aab" name="Test_suite_aaa.R"/>
    <testcase time="0.00400000000000134" classname="aab" name="Test_suite_aaa.R"/>
    <testcase time="0.00400000000000134" classname="aab" name="Test_suite_aaa.R"/>
    <testcase time="0.00499999999999901" classname="aab" name="Test_suite_aaa.R"/>
    <testcase time="0.00399999999999778" classname="aab" name="Test_suite_aaa.R"/>
    <testcase time="0.0110000000000028" classname="aab" name="Test_suite_aaa.R"/>
    <testcase time="0.521999999999998" classname="aab" name="Test_suite_aaa.R"/>
    <testcase time="0.145" classname="aab" name="Test_suite_aaa.R"/>
    <testcase time="0.00500000000000256" classname="aab" name="Test_suite_aaa.R"/>
    <testcase time="0.00599999999999667" classname="aab" name="Test_suite_aaa.R"/>
    <testcase time="5.931" classname="aab" name="Test_suite_aaa.R"/>
    <testcase time="0.00400000000000134" classname="aab" name="Test_suite_aaa.R"/>
    <testcase time="0.00399999999999778" classname="aab" name="Test_suite_aaa.R"/>
  </testsuite>
  <testsuite name="aac" timestamp="2024-07-11T14:35:00Z" hostname="24388650df34" tests="1" skipped="0" failures="0" errors="0" time="3.663">
    <testcase time="3.663" classname="aac" name="Test_suite_aac.R"/>
  </testsuite>
</testsuites>
